#
# There is insufficient memory for the Java Runtime Environment to continue.
# Native memory allocation (malloc) failed to allocate 315216 bytes for Chunk::new
# Possible reasons:
#   The system is out of physical RAM or swap space
#   In 32 bit mode, the process size limit was hit
# Possible solutions:
#   Reduce memory load on the system
#   Increase physical memory or swap space
#   Check if swap backing store is full
#   Use 64 bit Java on a 64 bit OS
#   Decrease Java heap size (-Xmx/-Xms)
#   Decrease number of Java threads
#   Decrease Java thread stack sizes (-Xss)
#   Set larger code cache with -XX:ReservedCodeCacheSize=
# This output file may be truncated or incomplete.
#
#  Out of Memory Error (allocation.cpp:390), pid=4352, tid=0x0000000000002250
#
# JRE version: OpenJDK Runtime Environment (8.0_152-b01) (build 1.8.0_152-release-1343-b01)
# Java VM: OpenJDK 64-Bit Server VM (25.152-b01 mixed mode windows-amd64 compressed oops)
# Failed to write core dump. Minidumps are not enabled by default on client versions of Windows
#

---------------  T H R E A D  ---------------

Current thread (0x00000000163df000):  JavaThread "C2 CompilerThread1" daemon [_thread_in_native, id=8784, stack(0x0000000017b10000,0x0000000017c10000)]

Stack: [0x0000000017b10000,0x0000000017c10000]
[error occurred during error reporting (printing stack bounds), id 0xc0000005]

Native frames: (J=compiled Java code, j=interpreted, Vv=VM code, C=native code)


Current CompileTask:
C2:  15528 3806   !   4       com.sun.beans.TypeResolver::resolve (274 bytes)


---------------  P R O C E S S  ---------------

Java Threads: ( => current thread )
  0x000000001bf4d000 JavaThread "Cache worker for Build Output Cleanup Cache (C:\Users\singhal\AndroidStudioProjects\Animation\.gradle\buildOutputCleanup)" [_thread_blocked, id=7936, stack(0x0000000022090000,0x0000000022190000)]
  0x000000001bf53800 JavaThread "pool-1-thread-1" [_thread_blocked, id=3484, stack(0x00000000212a0000,0x00000000213a0000)]
  0x000000001bf50000 JavaThread "Build operations Thread 4" [_thread_blocked, id=8844, stack(0x0000000021b90000,0x0000000021c90000)]
  0x000000001bf4e800 JavaThread "Build operations Thread 3" [_thread_blocked, id=3788, stack(0x0000000021a90000,0x0000000021b90000)]
  0x000000001bf4f000 JavaThread "Build operations Thread 2" [_thread_blocked, id=8908, stack(0x0000000021990000,0x0000000021a90000)]
  0x000000001bf53000 JavaThread "Build operations" [_thread_blocked, id=5884, stack(0x00000000213c0000,0x00000000214c0000)]
  0x000000001bf50800 JavaThread "Cache worker for execution history cache (C:\Users\singhal\.gradle\caches\5.1.1\executionHistory)" [_thread_blocked, id=4924, stack(0x0000000020fa0000,0x00000000210a0000)]
  0x000000001bf51800 JavaThread "Cache worker for cache directory md-rule (C:\Users\singhal\.gradle\caches\5.1.1\md-rule)" [_thread_blocked, id=6904, stack(0x0000000020ea0000,0x0000000020fa0000)]
  0x0000000019549000 JavaThread "Cache worker for cache directory md-supplier (C:\Users\singhal\.gradle\caches\5.1.1\md-supplier)" [_thread_blocked, id=4240, stack(0x0000000020da0000,0x0000000020ea0000)]
  0x000000001954a000 JavaThread "Cache worker for file hash cache (C:\Users\singhal\AndroidStudioProjects\Animation\.gradle\5.1.1\fileHashes)" [_thread_blocked, id=6024, stack(0x000000001d1a0000,0x000000001d2a0000)]
  0x0000000019544800 JavaThread "Cache worker for journal cache (C:\Users\singhal\.gradle\caches\journal-1)" [_thread_blocked, id=7760, stack(0x000000001af00000,0x000000001b000000)]
  0x0000000019547000 JavaThread "File lock request listener" [_thread_in_native, id=8096, stack(0x000000001ae00000,0x000000001af00000)]
  0x00000000194ef000 JavaThread "Cache worker for file hash cache (C:\Users\singhal\.gradle\caches\5.1.1\fileHashes)" [_thread_blocked, id=1188, stack(0x000000001ad00000,0x000000001ae00000)]
  0x000000001901c000 JavaThread "Thread-8" [_thread_blocked, id=8904, stack(0x000000001ac00000,0x000000001ad00000)]
  0x0000000019023800 JavaThread "Stdin handler" [_thread_blocked, id=8956, stack(0x000000001ab00000,0x000000001ac00000)]
  0x0000000019026800 JavaThread "Asynchronous log dispatcher for DefaultDaemonConnection: socket connection from /127.0.0.1:51166 to /127.0.0.1:51167" [_thread_blocked, id=5124, stack(0x000000001aa00000,0x000000001ab00000)]
  0x0000000019031800 JavaThread "Daemon worker" [_thread_in_Java, id=7232, stack(0x000000001a900000,0x000000001aa00000)]
  0x00000000190e1000 JavaThread "Cancel handler" [_thread_blocked, id=2104, stack(0x000000001a800000,0x000000001a900000)]
  0x0000000019005000 JavaThread "Handler for socket connection from /127.0.0.1:51166 to /127.0.0.1:51167" [_thread_in_native, id=5248, stack(0x000000001a500000,0x000000001a600000)]
  0x0000000019004800 JavaThread "Daemon" [_thread_blocked, id=3088, stack(0x000000001a400000,0x000000001a500000)]
  0x0000000018f91800 JavaThread "Daemon periodic checks" [_thread_blocked, id=5372, stack(0x000000001a300000,0x000000001a400000)]
  0x000000001914a800 JavaThread "Incoming local TCP Connector on port 51166" [_thread_in_native, id=9204, stack(0x000000001a120000,0x000000001a220000)]
  0x0000000017d3b000 JavaThread "Service Thread" daemon [_thread_blocked, id=4364, stack(0x0000000018110000,0x0000000018210000)]
  0x00000000163e2000 JavaThread "C1 CompilerThread2" daemon [_thread_blocked, id=6756, stack(0x0000000017c10000,0x0000000017d10000)]
=>0x00000000163df000 JavaThread "C2 CompilerThread1" daemon [_thread_in_native, id=8784, stack(0x0000000017b10000,0x0000000017c10000)]
  0x00000000163db000 JavaThread "C2 CompilerThread0" daemon [_thread_in_native, id=4196, stack(0x0000000017a10000,0x0000000017b10000)]
  0x00000000163da000 JavaThread "Attach Listener" daemon [_thread_blocked, id=7772, stack(0x0000000017910000,0x0000000017a10000)]
  0x00000000163d9000 JavaThread "Signal Dispatcher" daemon [_thread_blocked, id=5500, stack(0x0000000017810000,0x0000000017910000)]
  0x00000000163c9800 JavaThread "Finalizer" daemon [_thread_blocked, id=4524, stack(0x0000000017630000,0x0000000017730000)]
  0x0000000002a62000 JavaThread "Reference Handler" daemon [_thread_blocked, id=5984, stack(0x0000000017530000,0x0000000017630000)]
  0x000000000296d800 JavaThread "main" [_thread_blocked, id=5900, stack(0x0000000002770000,0x0000000002870000)]

Other Threads:
  0x00000000163a5000 VMThread [stack: 0x0000000017430000,0x0000000017530000] [id=6968]
  0x0000000017d3b800 WatcherThread [stack: 0x0000000018210000,0x0000000018310000] [id=1192]

VM state:not at safepoint (normal execution)

VM Mutex/Monitor currently owned by a thread: None

Heap:
 PSYoungGen      total 135680K, used 110875K [0x00000000e0000000, 0x00000000eac80000, 0x0000000100000000)
  eden space 123904K, 89% used [0x00000000e0000000,0x00000000e6c46e10,0x00000000e7900000)
  from space 11776K, 0% used [0x00000000e8400000,0x00000000e8400000,0x00000000e8f80000)
  to   space 11264K, 0% used [0x00000000e7900000,0x00000000e7900000,0x00000000e8400000)
 ParOldGen       total 55296K, used 15607K [0x00000000a0000000, 0x00000000a3600000, 0x00000000e0000000)
  object space 55296K, 28% used [0x00000000a0000000,0x00000000a0f3df28,0x00000000a3600000)
 Metaspace       used 45206K, capacity 46180K, committed 46376K, reserved 1089536K
  class space    used 6106K, capacity 6377K, committed 6440K, reserved 1048576K

Card table byte_map: [0x0000000011e30000,0x0000000012140000] byte_map_base: 0x0000000011930000

Marking Bits: (ParMarkBitMap*) 0x000000006cc45aa0
 Begin Bits: [0x0000000012740000, 0x0000000013f40000)
 End Bits:   [0x0000000013f40000, 0x0000000015740000)

Polling page: 0x0000000002870000

CodeCache: size=245760Kb used=12190Kb max_used=12190Kb free=233569Kb
 bounds [0x0000000002a70000, 0x0000000003670000, 0x0000000011a70000]
 total_blobs=4279 nmethods=3524 adapters=668
 compilation: enabled

Compilation events (10 events):
Event: 15.325 Thread 0x00000000163e2000 3836       3       sun.nio.fs.WindowsPathParser::isLetter (30 bytes)
Event: 15.325 Thread 0x00000000163e2000 nmethod 3836 0x000000000365fd10 code [0x000000000365fe60, 0x0000000003660090]
Event: 15.325 Thread 0x00000000163e2000 3837       3       sun.nio.fs.WindowsPathParser$Result::<init> (20 bytes)
Event: 15.326 Thread 0x00000000163e2000 nmethod 3837 0x0000000003660110 code [0x0000000003660260, 0x0000000003660450]
Event: 15.328 Thread 0x00000000163e2000 3839       3       java.util.Collections$EmptySet::iterator (4 bytes)
Event: 15.328 Thread 0x00000000163e2000 nmethod 3839 0x0000000003660510 code [0x0000000003660680, 0x0000000003660830]
Event: 15.346 Thread 0x00000000163e2000 3840       3       sun.nio.fs.WindowsFileAttributes::isReparsePoint (14 bytes)
Event: 15.346 Thread 0x00000000163e2000 nmethod 3840 0x00000000036608d0 code [0x0000000003660a20, 0x0000000003660bb0]
Event: 15.346 Thread 0x00000000163e2000 3841       3       sun.nio.fs.WindowsFileAttributes::<init> (57 bytes)
Event: 15.346 Thread 0x00000000163e2000 nmethod 3841 0x0000000003660c10 code [0x0000000003660d60, 0x0000000003660f50]

GC Heap History (10 events):
Event: 3.812 GC heap before
{Heap before GC invocations=8 (full 1):
 PSYoungGen      total 69632K, used 7156K [0x00000000e0000000, 0x00000000e8d00000, 0x0000000100000000)
  eden space 62464K, 0% used [0x00000000e0000000,0x00000000e0000000,0x00000000e3d00000)
  from space 7168K, 99% used [0x00000000e3d00000,0x00000000e43fd388,0x00000000e4400000)
  to   space 9728K, 0% used [0x00000000e8380000,0x00000000e8380000,0x00000000e8d00000)
 ParOldGen       total 42496K, used 8027K [0x00000000a0000000, 0x00000000a2980000, 0x00000000e0000000)
  object space 42496K, 18% used [0x00000000a0000000,0x00000000a07d6ed8,0x00000000a2980000)
 Metaspace       used 20666K, capacity 21118K, committed 21296K, reserved 1067008K
  class space    used 2903K, capacity 3087K, committed 3200K, reserved 1048576K
Event: 3.863 GC heap after
Heap after GC invocations=8 (full 1):
 PSYoungGen      total 69632K, used 0K [0x00000000e0000000, 0x00000000e8d00000, 0x0000000100000000)
  eden space 62464K, 0% used [0x00000000e0000000,0x00000000e0000000,0x00000000e3d00000)
  from space 7168K, 0% used [0x00000000e3d00000,0x00000000e3d00000,0x00000000e4400000)
  to   space 9728K, 0% used [0x00000000e8380000,0x00000000e8380000,0x00000000e8d00000)
 ParOldGen       total 37376K, used 10804K [0x00000000a0000000, 0x00000000a2480000, 0x00000000e0000000)
  object space 37376K, 28% used [0x00000000a0000000,0x00000000a0a8d100,0x00000000a2480000)
 Metaspace       used 20666K, capacity 21118K, committed 21296K, reserved 1067008K
  class space    used 2903K, capacity 3087K, committed 3200K, reserved 1048576K
}
Event: 5.311 GC heap before
{Heap before GC invocations=9 (full 1):
 PSYoungGen      total 69632K, used 62464K [0x00000000e0000000, 0x00000000e8d00000, 0x0000000100000000)
  eden space 62464K, 100% used [0x00000000e0000000,0x00000000e3d00000,0x00000000e3d00000)
  from space 7168K, 0% used [0x00000000e3d00000,0x00000000e3d00000,0x00000000e4400000)
  to   space 9728K, 0% used [0x00000000e8380000,0x00000000e8380000,0x00000000e8d00000)
 ParOldGen       total 37376K, used 10804K [0x00000000a0000000, 0x00000000a2480000, 0x00000000e0000000)
  object space 37376K, 28% used [0x00000000a0000000,0x00000000a0a8d100,0x00000000a2480000)
 Metaspace       used 28505K, capacity 29036K, committed 29184K, reserved 1075200K
  class space    used 3843K, capacity 4032K, committed 4096K, reserved 1048576K
Event: 5.323 GC heap after
Heap after GC invocations=9 (full 1):
 PSYoungGen      total 102912K, used 7500K [0x00000000e0000000, 0x00000000e8b00000, 0x0000000100000000)
  eden space 95232K, 0% used [0x00000000e0000000,0x00000000e0000000,0x00000000e5d00000)
  from space 7680K, 97% used [0x00000000e8380000,0x00000000e8ad3258,0x00000000e8b00000)
  to   space 10240K, 0% used [0x00000000e7700000,0x00000000e7700000,0x00000000e8100000)
 ParOldGen       total 37376K, used 10812K [0x00000000a0000000, 0x00000000a2480000, 0x00000000e0000000)
  object space 37376K, 28% used [0x00000000a0000000,0x00000000a0a8f100,0x00000000a2480000)
 Metaspace       used 28505K, capacity 29036K, committed 29184K, reserved 1075200K
  class space    used 3843K, capacity 4032K, committed 4096K, reserved 1048576K
}
Event: 8.669 GC heap before
{Heap before GC invocations=10 (full 1):
 PSYoungGen      total 102912K, used 102732K [0x00000000e0000000, 0x00000000e8b00000, 0x0000000100000000)
  eden space 95232K, 100% used [0x00000000e0000000,0x00000000e5d00000,0x00000000e5d00000)
  from space 7680K, 97% used [0x00000000e8380000,0x00000000e8ad3258,0x00000000e8b00000)
  to   space 10240K, 0% used [0x00000000e7700000,0x00000000e7700000,0x00000000e8100000)
 ParOldGen       total 37376K, used 10812K [0x00000000a0000000, 0x00000000a2480000, 0x00000000e0000000)
  object space 37376K, 28% used [0x00000000a0000000,0x00000000a0a8f100,0x00000000a2480000)
 Metaspace       used 33319K, capacity 33904K, committed 34048K, reserved 1079296K
  class space    used 4588K, capacity 4804K, committed 4864K, reserved 1048576K
Event: 8.692 GC heap after
Heap after GC invocations=10 (full 1):
 PSYoungGen      total 132096K, used 10235K [0x00000000e0000000, 0x00000000e8f80000, 0x0000000100000000)
  eden space 121856K, 0% used [0x00000000e0000000,0x00000000e0000000,0x00000000e7700000)
  from space 10240K, 99% used [0x00000000e7700000,0x00000000e80fec88,0x00000000e8100000)
  to   space 11776K, 0% used [0x00000000e8400000,0x00000000e8400000,0x00000000e8f80000)
 ParOldGen       total 37376K, used 11061K [0x00000000a0000000, 0x00000000a2480000, 0x00000000e0000000)
  object space 37376K, 29% used [0x00000000a0000000,0x00000000a0acd438,0x00000000a2480000)
 Metaspace       used 33319K, capacity 33904K, committed 34048K, reserved 1079296K
  class space    used 4588K, capacity 4804K, committed 4864K, reserved 1048576K
}
Event: 12.003 GC heap before
{Heap before GC invocations=11 (full 1):
 PSYoungGen      total 132096K, used 32316K [0x00000000e0000000, 0x00000000e8f80000, 0x0000000100000000)
  eden space 121856K, 18% used [0x00000000e0000000,0x00000000e15903f0,0x00000000e7700000)
  from space 10240K, 99% used [0x00000000e7700000,0x00000000e80fec88,0x00000000e8100000)
  to   space 11776K, 0% used [0x00000000e8400000,0x00000000e8400000,0x00000000e8f80000)
 ParOldGen       total 37376K, used 11061K [0x00000000a0000000, 0x00000000a2480000, 0x00000000e0000000)
  object space 37376K, 29% used [0x00000000a0000000,0x00000000a0acd438,0x00000000a2480000)
 Metaspace       used 34780K, capacity 35438K, committed 35496K, reserved 1079296K
  class space    used 4803K, capacity 4994K, committed 5032K, reserved 1048576K
Event: 12.014 GC heap after
Heap after GC invocations=11 (full 1):
 PSYoungGen      total 135680K, used 5720K [0x00000000e0000000, 0x00000000eac80000, 0x0000000100000000)
  eden space 123904K, 0% used [0x00000000e0000000,0x00000000e0000000,0x00000000e7900000)
  from space 11776K, 48% used [0x00000000e8400000,0x00000000e8996220,0x00000000e8f80000)
  to   space 11264K, 0% used [0x00000000e7900000,0x00000000e7900000,0x00000000e8400000)
 ParOldGen       total 37376K, used 14153K [0x00000000a0000000, 0x00000000a2480000, 0x00000000e0000000)
  object space 37376K, 37% used [0x00000000a0000000,0x00000000a0dd2458,0x00000000a2480000)
 Metaspace       used 34780K, capacity 35438K, committed 35496K, reserved 1079296K
  class space    used 4803K, capacity 4994K, committed 5032K, reserved 1048576K
}
Event: 12.014 GC heap before
{Heap before GC invocations=12 (full 2):
 PSYoungGen      total 135680K, used 5720K [0x00000000e0000000, 0x00000000eac80000, 0x0000000100000000)
  eden space 123904K, 0% used [0x00000000e0000000,0x00000000e0000000,0x00000000e7900000)
  from space 11776K, 48% used [0x00000000e8400000,0x00000000e8996220,0x00000000e8f80000)
  to   space 11264K, 0% used [0x00000000e7900000,0x00000000e7900000,0x00000000e8400000)
 ParOldGen       total 37376K, used 14153K [0x00000000a0000000, 0x00000000a2480000, 0x00000000e0000000)
  object space 37376K, 37% used [0x00000000a0000000,0x00000000a0dd2458,0x00000000a2480000)
 Metaspace       used 34780K, capacity 35438K, committed 35496K, reserved 1079296K
  class space    used 4803K, capacity 4994K, committed 5032K, reserved 1048576K
Event: 12.113 GC heap after
Heap after GC invocations=12 (full 2):
 PSYoungGen      total 135680K, used 0K [0x00000000e0000000, 0x00000000eac80000, 0x0000000100000000)
  eden space 123904K, 0% used [0x00000000e0000000,0x00000000e0000000,0x00000000e7900000)
  from space 11776K, 0% used [0x00000000e8400000,0x00000000e8400000,0x00000000e8f80000)
  to   space 11264K, 0% used [0x00000000e7900000,0x00000000e7900000,0x00000000e8400000)
 ParOldGen       total 55296K, used 15607K [0x00000000a0000000, 0x00000000a3600000, 0x00000000e0000000)
  object space 55296K, 28% used [0x00000000a0000000,0x00000000a0f3df28,0x00000000a3600000)
 Metaspace       used 34774K, capacity 35420K, committed 35496K, reserved 1079296K
  class space    used 4801K, capacity 4991K, committed 5032K, reserved 1048576K
}

Deoptimization events (10 events):
Event: 12.296 Thread 0x0000000019031800 Uncommon trap: reason=unstable_if action=reinterpret pc=0x0000000003437c0c method=java.security.CodeSource.hashCode()I @ 4
Event: 13.764 Thread 0x0000000019031800 Uncommon trap: reason=unstable_if action=reinterpret pc=0x0000000002f1a54c method=java.util.jar.Attributes$Name.isDigit(C)Z @ 3
Event: 13.787 Thread 0x0000000019031800 Uncommon trap: reason=unstable_if action=reinterpret pc=0x000000000330ee58 method=java.util.HashMap.putVal(ILjava/lang/Object;Ljava/lang/Object;ZZ)Ljava/lang/Object; @ 236
Event: 13.804 Thread 0x0000000019031800 Uncommon trap: reason=unstable_if action=reinterpret pc=0x0000000002f14c7c method=java.lang.CharacterDataLatin1.isWhitespace(I)Z @ 14
Event: 13.875 Thread 0x0000000019031800 Uncommon trap: reason=unstable_if action=reinterpret pc=0x000000000344fc28 method=java.util.jar.JarFile.getInputStream(Ljava/util/zip/ZipEntry;)Ljava/io/InputStream; @ 37
Event: 13.892 Thread 0x0000000019031800 Uncommon trap: reason=unstable_if action=reinterpret pc=0x0000000002bc28c0 method=java.util.jar.JarFile$JarFileEntry.getCodeSigners()[Ljava/security/CodeSigner; @ 24
Event: 13.893 Thread 0x0000000019031800 Uncommon trap: reason=unstable_if action=reinterpret pc=0x000000000302b52c method=java.security.CodeSource.getCertificates()[Ljava/security/cert/Certificate; @ 22
Event: 13.894 Thread 0x0000000019031800 Uncommon trap: reason=unstable_if action=reinterpret pc=0x0000000002c90ffc method=java.security.CodeSource.matchCerts(Ljava/security/CodeSource;Z)Z @ 11
Event: 14.085 Thread 0x0000000019031800 Uncommon trap: reason=unstable_if action=reinterpret pc=0x0000000003339708 method=org.objectweb.asm.ByteVector.putUTF8(Ljava/lang/String;)Lorg/objectweb/asm/ByteVector; @ 93
Event: 15.059 Thread 0x0000000019031800 Uncommon trap: reason=unstable_if action=reinterpret pc=0x0000000003347e24 method=java.util.WeakHashMap.put(Ljava/lang/Object;Ljava/lang/Object;)Ljava/lang/Object; @ 59

Classes redefined (0 events):
No events

Internal exceptions (10 events):
Event: 15.320 Thread 0x0000000019031800 Exception <a 'sun/nio/fs/WindowsException'> (0x00000000e6a9bf70) thrown at [D:\src\AOSP-openjdk-cygwin\jdk8u\hotspot\src\share\vm\prims\jni.cpp, line 709]
Event: 15.320 Thread 0x0000000019031800 Exception <a 'sun/nio/fs/WindowsException'> (0x00000000e6a9cc90) thrown at [D:\src\AOSP-openjdk-cygwin\jdk8u\hotspot\src\share\vm\prims\jni.cpp, line 709]
Event: 15.328 Thread 0x0000000019031800 Exception <a 'sun/nio/fs/WindowsException'> (0x00000000e6aae6a8) thrown at [D:\src\AOSP-openjdk-cygwin\jdk8u\hotspot\src\share\vm\prims\jni.cpp, line 709]
Event: 15.329 Thread 0x0000000019031800 Exception <a 'sun/nio/fs/WindowsException'> (0x00000000e6aaf3c8) thrown at [D:\src\AOSP-openjdk-cygwin\jdk8u\hotspot\src\share\vm\prims\jni.cpp, line 709]
Event: 15.329 Thread 0x0000000019031800 Exception <a 'sun/nio/fs/WindowsException'> (0x00000000e6ab14f8) thrown at [D:\src\AOSP-openjdk-cygwin\jdk8u\hotspot\src\share\vm\prims\jni.cpp, line 709]
Event: 15.329 Thread 0x0000000019031800 Exception <a 'sun/nio/fs/WindowsException'> (0x00000000e6ab2250) thrown at [D:\src\AOSP-openjdk-cygwin\jdk8u\hotspot\src\share\vm\prims\jni.cpp, line 709]
Event: 15.330 Thread 0x0000000019031800 Exception <a 'sun/nio/fs/WindowsException'> (0x00000000e6ab4ea0) thrown at [D:\src\AOSP-openjdk-cygwin\jdk8u\hotspot\src\share\vm\prims\jni.cpp, line 709]
Event: 15.330 Thread 0x0000000019031800 Exception <a 'sun/nio/fs/WindowsException'> (0x00000000e6ab5bf8) thrown at [D:\src\AOSP-openjdk-cygwin\jdk8u\hotspot\src\share\vm\prims\jni.cpp, line 709]
Event: 15.330 Thread 0x0000000019031800 Exception <a 'sun/nio/fs/WindowsException'> (0x00000000e6ab7d50) thrown at [D:\src\AOSP-openjdk-cygwin\jdk8u\hotspot\src\share\vm\prims\jni.cpp, line 709]
Event: 15.330 Thread 0x0000000019031800 Exception <a 'sun/nio/fs/WindowsException'> (0x00000000e6ab8ae8) thrown at [D:\src\AOSP-openjdk-cygwin\jdk8u\hotspot\src\share\vm\prims\jni.cpp, line 709]

Events (10 events):
Event: 15.326 loading class java/util/stream/Node$OfDouble done
Event: 15.326 loading class java/util/stream/Nodes$EmptyNode$OfDouble done
Event: 15.326 loading class java/util/stream/Nodes$SpinedNodeBuilder
Event: 15.326 loading class java/util/stream/Node$Builder
Event: 15.326 loading class java/util/stream/Node$Builder done
Event: 15.326 loading class java/util/stream/SpinedBuffer
Event: 15.326 loading class java/util/stream/AbstractSpinedBuffer
Event: 15.326 loading class java/util/stream/AbstractSpinedBuffer done
Event: 15.326 loading class java/util/stream/SpinedBuffer done
Event: 15.326 loading class java/util/stream/Nodes$SpinedNodeBuilder done


Dynamic libraries:
0x00007ff67e340000 - 0x00007ff67e371000 	C:\Program Files\Android\Android Studio\jre\bin\java.exe
0x00007ffc780f0000 - 0x00007ffc782b2000 	C:\Windows\SYSTEM32\ntdll.dll
0x00007ffc77f10000 - 0x00007ffc77fbd000 	C:\Windows\system32\KERNEL32.DLL
0x00007ffc74cd0000 - 0x00007ffc74ead000 	C:\Windows\system32\KERNELBASE.dll
0x00007ffc757f0000 - 0x00007ffc75896000 	C:\Windows\system32\ADVAPI32.dll
0x00007ffc76130000 - 0x00007ffc761cd000 	C:\Windows\system32\msvcrt.dll
0x00007ffc77e10000 - 0x00007ffc77e6b000 	C:\Windows\system32\sechost.dll
0x00007ffc77fc0000 - 0x00007ffc780e6000 	C:\Windows\system32\RPCRT4.dll
0x00007ffc77ac0000 - 0x00007ffc77c0e000 	C:\Windows\system32\USER32.dll
0x00007ffc77c80000 - 0x00007ffc77e05000 	C:\Windows\system32\GDI32.dll
0x00007ffc6aa90000 - 0x00007ffc6ad04000 	C:\Windows\WinSxS\amd64_microsoft.windows.common-controls_6595b64144ccf1df_6.0.10240.16384_none_f41f7b285750ef43\COMCTL32.dll
0x00007ffc77e70000 - 0x00007ffc77ea6000 	C:\Windows\system32\IMM32.DLL
0x00007ffc763d0000 - 0x00007ffc7652c000 	C:\Windows\system32\MSCTF.dll
0x000000006c3a0000 - 0x000000006c472000 	C:\Program Files\Android\Android Studio\jre\jre\bin\msvcr100.dll
0x000000006c480000 - 0x000000006ccc1000 	C:\Program Files\Android\Android Studio\jre\jre\bin\server\jvm.dll
0x00007ffc757c0000 - 0x00007ffc757c8000 	C:\Windows\system32\PSAPI.DLL
0x00007ffc65860000 - 0x00007ffc65869000 	C:\Windows\SYSTEM32\WSOCK32.dll
0x00007ffc6aef0000 - 0x00007ffc6af13000 	C:\Windows\SYSTEM32\WINMM.dll
0x00007ffc77c10000 - 0x00007ffc77c79000 	C:\Windows\system32\WS2_32.dll
0x00007ffc75f60000 - 0x00007ffc75f68000 	C:\Windows\system32\NSI.dll
0x00007ffc6d2a0000 - 0x00007ffc6d2aa000 	C:\Windows\SYSTEM32\VERSION.dll
0x00007ffc6ae30000 - 0x00007ffc6ae5c000 	C:\Windows\SYSTEM32\winmmbase.dll
0x00007ffc75770000 - 0x00007ffc757b4000 	C:\Windows\system32\cfgmgr32.dll
0x00007ffc73490000 - 0x00007ffc734b7000 	C:\Windows\SYSTEM32\DEVOBJ.dll
0x00007ffc65850000 - 0x00007ffc6585f000 	C:\Program Files\Android\Android Studio\jre\jre\bin\verify.dll
0x00007ffc63d20000 - 0x00007ffc63d49000 	C:\Program Files\Android\Android Studio\jre\jre\bin\java.dll
0x00007ffc65150000 - 0x00007ffc65166000 	C:\Program Files\Android\Android Studio\jre\jre\bin\zip.dll
0x00007ffc76590000 - 0x00007ffc77ab5000 	C:\Windows\system32\SHELL32.dll
0x00007ffc74eb0000 - 0x00007ffc754d8000 	C:\Windows\system32\windows.storage.dll
0x00007ffc75ce0000 - 0x00007ffc75f5c000 	C:\Windows\system32\combase.dll
0x00007ffc76280000 - 0x00007ffc762d1000 	C:\Windows\system32\shlwapi.dll
0x00007ffc74b60000 - 0x00007ffc74b6f000 	C:\Windows\system32\kernel.appcore.dll
0x00007ffc754e0000 - 0x00007ffc75593000 	C:\Windows\system32\shcore.dll
0x00007ffc74b70000 - 0x00007ffc74bba000 	C:\Windows\system32\powrprof.dll
0x00007ffc74b20000 - 0x00007ffc74b33000 	C:\Windows\system32\profapi.dll
0x00007ffc64610000 - 0x00007ffc6462a000 	C:\Program Files\Android\Android Studio\jre\jre\bin\net.dll
0x00007ffc74350000 - 0x00007ffc743ad000 	C:\Windows\system32\mswsock.dll
0x00007ffc63a50000 - 0x00007ffc63a61000 	C:\Program Files\Android\Android Studio\jre\jre\bin\nio.dll
0x00007ffc668e0000 - 0x00007ffc668fe000 	C:\Users\singhal\.gradle\native\25\windows-amd64\native-platform.dll
0x00007ffc63650000 - 0x00007ffc6365d000 	C:\Program Files\Android\Android Studio\jre\jre\bin\management.dll
0x00007ffc743b0000 - 0x00007ffc743c7000 	C:\Windows\SYSTEM32\CRYPTSP.dll
0x00007ffc74a50000 - 0x00007ffc74a78000 	C:\Windows\SYSTEM32\bcrypt.dll
0x00007ffc74000000 - 0x00007ffc74033000 	C:\Windows\system32\rsaenh.dll
0x00007ffc741e0000 - 0x00007ffc741ff000 	C:\Windows\SYSTEM32\USERENV.dll
0x00007ffc748e0000 - 0x00007ffc7494b000 	C:\Windows\system32\bcryptprimitives.dll
0x00007ffc74520000 - 0x00007ffc7452b000 	C:\Windows\SYSTEM32\CRYPTBASE.dll
0x00007ffc71380000 - 0x00007ffc713b8000 	C:\Windows\SYSTEM32\IPHLPAPI.DLL
0x00007ffc71370000 - 0x00007ffc7137b000 	C:\Windows\SYSTEM32\WINNSI.DLL
0x00007ffc6feb0000 - 0x00007ffc6fec6000 	C:\Windows\SYSTEM32\dhcpcsvc6.DLL
0x00007ffc71070000 - 0x00007ffc7108a000 	C:\Windows\SYSTEM32\dhcpcsvc.DLL

VM Arguments:
jvm_args: -Xmx1536m -Dfile.encoding=windows-1252 -Duser.country=US -Duser.language=en -Duser.variant 
java_command: org.gradle.launcher.daemon.bootstrap.GradleDaemon 5.1.1
java_class_path (initial): C:\Users\singhal\.gradle\wrapper\dists\gradle-5.1.1-all\97z1ksx6lirer3kbvdnh7jtjg\gradle-5.1.1\lib\gradle-launcher-5.1.1.jar
Launcher Type: SUN_STANDARD

Environment Variables:
PATH=C:\Program Files (x86)\Common Files\Oracle\Java\javapath;C:\Windows\system32;C:\Windows;C:\Windows\System32\Wbem;C:\Windows\System32\WindowsPowerShell\v1.0\;C:\Program Files\Git\cmd;C:\Program Files\Git\mingw64\bin;C:\Program Files\Git\usr\bin;C:\Program Files\Java\jdk1.8.0_211\bin;C:\Program Files\Java\jre1.8.0_211\bin;C:\Users\singhal\AppData\Local\Programs\Python\Python36\Scripts\;C:\Users\singhal\AppData\Local\Programs\Python\Python36\
USERNAME=singhal
OS=Windows_NT
PROCESSOR_IDENTIFIER=Intel64 Family 6 Model 58 Stepping 9, GenuineIntel



---------------  S Y S T E M  ---------------

OS: Windows 10.0 , 64 bit Build 10240 (10.0.10240.16384)

CPU:total 4 (initial active 4) (2 cores per cpu, 2 threads per core) family 6 model 58 stepping 9, cmov, cx8, fxsr, mmx, sse, sse2, sse3, ssse3, sse4.1, sse4.2, popcnt, avx, clmul, erms, ht, tsc, tscinvbit, tscinv

Memory: 4k page, physical 4057604k(380536k free), swap 11724800k(3628k free)

vm_info: OpenJDK 64-Bit Server VM (25.152-b01) for windows-amd64 JRE (1.8.0_152-release-1343-b01), built by "builder" with MS VC++ 10.0 (VS2010)

time: Fri Jun 07 10:29:28 2019
elapsed time: 15 seconds (0d 0h 0m 15s)

